# JRE version: OpenJDK Runtime Environment (8.0_152-b01) (build 1.8.0_152-release-1343-b01)
# Java VM: OpenJDK 64-Bit Server VM (25.152-b01 mixed mode windows-amd64 compressed oops)
Heap:
 PSYoungGen      total 180736K, used 178956K [0x00000000e0000000, 0x00000000ef200000, 0x0000000100000000)
  eden space 166400K, 100% used [0x00000000e0000000,0x00000000ea280000,0x00000000ea280000)
  from space 14336K, 87% used [0x00000000ea280000,0x00000000eaec3278,0x00000000eb080000)
  to   space 15872K, 49% used [0x00000000ee280000,0x00000000eea2d050,0x00000000ef200000)
 ParOldGen       total 103424K, used 38491K [0x00000000a0000000, 0x00000000a6500000, 0x00000000e0000000)
  object space 103424K, 37% used [0x00000000a0000000,0x00000000a2596f50,0x00000000a6500000)
 Metaspace       used 70211K, capacity 72808K, committed 73048K, reserved 1112064K
  class space    used 9274K, capacity 9852K, committed 9856K, reserved 1048576K
GC Heap History (10 events):
Event: 19.159 GC heap after
Heap after GC invocations=14 (full 2):
 PSYoungGen      total 127488K, used 11747K [0x00000000e0000000, 0x00000000e8f00000, 0x0000000100000000)
  eden space 115712K, 0% used [0x00000000e0000000,0x00000000e0000000,0x00000000e7100000)
  from space 11776K, 99% used [0x00000000e8380000,0x00000000e8ef8c10,0x00000000e8f00000)
  to   space 13312K, 0% used [0x00000000e7500000,0x00000000e7500000,0x00000000e8200000)
 ParOldGen       total 73728K, used 16372K [0x00000000a0000000, 0x00000000a4800000, 0x00000000e0000000)
  object space 73728K, 22% used [0x00000000a0000000,0x00000000a0ffd3f8,0x00000000a4800000)
 Metaspace       used 43607K, capacity 44586K, committed 44800K, reserved 1087488K
  class space    used 5868K, capacity 6118K, committed 6144K, reserved 1048576K
}
Event: 22.429 GC heap before
{Heap before GC invocations=15 (full 2):
 PSYoungGen      total 127488K, used 127459K [0x00000000e0000000, 0x00000000e8f00000, 0x0000000100000000)
  eden space 115712K, 100% used [0x00000000e0000000,0x00000000e7100000,0x00000000e7100000)
  from space 11776K, 99% used [0x00000000e8380000,0x00000000e8ef8c10,0x00000000e8f00000)
  to   space 13312K, 0% used [0x00000000e7500000,0x00000000e7500000,0x00000000e8200000)
 ParOldGen       total 73728K, used 16372K [0x00000000a0000000, 0x00000000a4800000, 0x00000000e0000000)
  object space 73728K, 22% used [0x00000000a0000000,0x00000000a0ffd3f8,0x00000000a4800000)
 Metaspace       used 54446K, capacity 55898K, committed 56192K, reserved 1097728K
  class space    used 7317K, capacity 7681K, committed 7808K, reserved 1048576K
Event: 22.452 GC heap after
Heap after GC invocations=15 (full 2):
 PSYoungGen      total 133120K, used 12319K [0x00000000e0000000, 0x00000000ebf00000, 0x0000000100000000)
  eden space 119808K, 0% used [0x00000000e0000000,0x00000000e0000000,0x00000000e7500000)
  from space 13312K, 92% used [0x00000000e7500000,0x00000000e8107ec8,0x00000000e8200000)
  to   space 14848K, 0% used [0x00000000eb080000,0x00000000eb080000,0x00000000ebf00000)
 ParOldGen       total 73728K, used 21261K [0x00000000a0000000, 0x00000000a4800000, 0x00000000e0000000)
  object space 73728K, 28% used [0x00000000a0000000,0x00000000a14c3440,0x00000000a4800000)
 Metaspace       used 54446K, capacity 55898K, committed 56192K, reserved 1097728K
  class space    used 7317K, capacity 7681K, committed 7808K, reserved 1048576K
}
Event: 23.888 GC heap before
{Heap before GC invocations=16 (full 2):
 PSYoungGen      total 133120K, used 58232K [0x00000000e0000000, 0x00000000ebf00000, 0x0000000100000000)
  eden space 119808K, 38% used [0x00000000e0000000,0x00000000e2cd6438,0x00000000e7500000)
  from space 13312K, 92% used [0x00000000e7500000,0x00000000e8107ec8,0x00000000e8200000)
  to   space 14848K, 0% used [0x00000000eb080000,0x00000000eb080000,0x00000000ebf00000)
 ParOldGen       total 73728K, used 21261K [0x00000000a0000000, 0x00000000a4800000, 0x00000000e0000000)
  object space 73728K, 28% used [0x00000000a0000000,0x00000000a14c3440,0x00000000a4800000)
 Metaspace       used 57467K, capacity 59050K, committed 59096K, reserved 1099776K
  class space    used 7776K, capacity 8147K, committed 8192K, reserved 1048576K
Event: 23.903 GC heap after
Heap after GC invocations=16 (full 2):
 PSYoungGen      total 181248K, used 5078K [0x00000000e0000000, 0x00000000ec100000, 0x0000000100000000)
  eden space 166400K, 0% used [0x00000000e0000000,0x00000000e0000000,0x00000000ea280000)
  from space 14848K, 34% used [0x00000000eb080000,0x00000000eb575be8,0x00000000ebf00000)
  to   space 14336K, 0% used [0x00000000ea280000,0x00000000ea280000,0x00000000eb080000)
 ParOldGen       total 73728K, used 26488K [0x00000000a0000000, 0x00000000a4800000, 0x00000000e0000000)
  object space 73728K, 35% used [0x00000000a0000000,0x00000000a19de2e0,0x00000000a4800000)
 Metaspace       used 57467K, capacity 59050K, committed 59096K, reserved 1099776K
  class space    used 7776K, capacity 8147K, committed 8192K, reserved 1048576K
}
Event: 23.903 GC heap before
{Heap before GC invocations=17 (full 3):
 PSYoungGen      total 181248K, used 5078K [0x00000000e0000000, 0x00000000ec100000, 0x0000000100000000)
  eden space 166400K, 0% used [0x00000000e0000000,0x00000000e0000000,0x00000000ea280000)
  from space 14848K, 34% used [0x00000000eb080000,0x00000000eb575be8,0x00000000ebf00000)
  to   space 14336K, 0% used [0x00000000ea280000,0x00000000ea280000,0x00000000eb080000)
 ParOldGen       total 73728K, used 26488K [0x00000000a0000000, 0x00000000a4800000, 0x00000000e0000000)
  object space 73728K, 35% used [0x00000000a0000000,0x00000000a19de2e0,0x00000000a4800000)
 Metaspace       used 57467K, capacity 59050K, committed 59096K, reserved 1099776K
  class space    used 7776K, capacity 8147K, committed 8192K, reserved 1048576K
Event: 24.268 GC heap after
Heap after GC invocations=17 (full 3):
 PSYoungGen      total 181248K, used 0K [0x00000000e0000000, 0x00000000ec100000, 0x0000000100000000)
  eden space 166400K, 0% used [0x00000000e0000000,0x00000000e0000000,0x00000000ea280000)
  from space 14848K, 0% used [0x00000000eb080000,0x00000000eb080000,0x00000000ebf00000)
  to   space 14336K, 0% used [0x00000000ea280000,0x00000000ea280000,0x00000000eb080000)
 ParOldGen       total 103424K, used 29983K [0x00000000a0000000, 0x00000000a6500000, 0x00000000e0000000)
  object space 103424K, 28% used [0x00000000a0000000,0x00000000a1d47e30,0x00000000a6500000)
 Metaspace       used 57467K, capacity 59050K, committed 59096K, reserved 1099776K
  class space    used 7776K, capacity 8147K, committed 8192K, reserved 1048576K
}
Event: 32.239 GC heap before
{Heap before GC invocations=18 (full 3):
 PSYoungGen      total 181248K, used 166400K [0x00000000e0000000, 0x00000000ec100000, 0x0000000100000000)
  eden space 166400K, 100% used [0x00000000e0000000,0x00000000ea280000,0x00000000ea280000)
  from space 14848K, 0% used [0x00000000eb080000,0x00000000eb080000,0x00000000ebf00000)
  to   space 14336K, 0% used [0x00000000ea280000,0x00000000ea280000,0x00000000eb080000)
 ParOldGen       total 103424K, used 29983K [0x00000000a0000000, 0x00000000a6500000, 0x00000000e0000000)
  object space 103424K, 28% used [0x00000000a0000000,0x00000000a1d47e30,0x00000000a6500000)
 Metaspace       used 64083K, capacity 66424K, committed 66520K, reserved 1105920K
  class space    used 8691K, capacity 9178K, committed 9216K, reserved 1048576K
Event: 32.294 GC heap after
Heap after GC invocations=18 (full 3):
 PSYoungGen      total 180736K, used 12556K [0x00000000e0000000, 0x00000000ef200000, 0x0000000100000000)
  eden space 166400K, 0% used [0x00000000e0000000,0x00000000e0000000,0x00000000ea280000)
  from space 14336K, 87% used [0x00000000ea280000,0x00000000eaec3278,0x00000000eb080000)
  to   space 15872K, 0% used [0x00000000ee280000,0x00000000ee280000,0x00000000ef200000)
 ParOldGen       total 103424K, used 29991K [0x00000000a0000000, 0x00000000a6500000, 0x00000000e0000000)
  object space 103424K, 28% used [0x00000000a0000000,0x00000000a1d49e30,0x00000000a6500000)
 Metaspace       used 64083K, capacity 66424K, committed 66520K, reserved 1105920K
  class space    used 8691K, capacity 9178K, committed 9216K, reserved 1048576K
}
Event: 1041.570 GC heap before
{Heap before GC invocations=19 (full 3):
 PSYoungGen      total 180736K, used 178956K [0x00000000e0000000, 0x00000000ef200000, 0x0000000100000000)
  eden space 166400K, 100% used [0x00000000e0000000,0x00000000ea280000,0x00000000ea280000)
  from space 14336K, 87% used [0x00000000ea280000,0x00000000eaec3278,0x00000000eb080000)
  to   space 15872K, 0% used [0x00000000ee280000,0x00000000ee280000,0x00000000ef200000)
 ParOldGen       total 103424K, used 29991K [0x00000000a0000000, 0x00000000a6500000, 0x00000000e0000000)
  object space 103424K, 28% used [0x00000000a0000000,0x00000000a1d49e30,0x00000000a6500000)
 Metaspace       used 70211K, capacity 72808K, committed 73048K, reserved 1112064K
  class space    used 9274K, capacity 9852K, committed 9856K, reserved 1048576K

